Sun Nov 30 10:48:35 EST 2014  [debug] AvalonLogSystem initialized using logfile '/Users/Vigery/GitHub/Web/.metadata/.plugins/com.genuitec.eclipse.templates/velocity.log'
Sun Nov 30 10:48:35 EST 2014   [info] ************************************************************** 
Sun Nov 30 10:48:35 EST 2014   [info] Starting Jakarta Velocity v1.4
Sun Nov 30 10:48:35 EST 2014   [info] RuntimeInstance initializing.
Sun Nov 30 10:48:35 EST 2014   [info] Default Properties File: org/apache/velocity/runtime/defaults/velocity.properties
Sun Nov 30 10:48:35 EST 2014   [info] Trying to use logger class org.apache.velocity.runtime.log.AvalonLogSystem
Sun Nov 30 10:48:35 EST 2014   [info] Using logger class org.apache.velocity.runtime.log.AvalonLogSystem
Sun Nov 30 10:48:35 EST 2014   [info] Default ResourceManager initializing. (class org.apache.velocity.runtime.resource.ResourceManagerImpl)
Sun Nov 30 10:48:35 EST 2014   [info] Resource Loader Instantiated: com.genuitec.eclipse.templates.internal.PluginResourceLoader
Sun Nov 30 10:48:35 EST 2014   [info] ResourceCache : initialized. (class org.apache.velocity.runtime.resource.ResourceCacheImpl)
Sun Nov 30 10:48:35 EST 2014   [info] Default ResourceManager initialization complete.
Sun Nov 30 10:48:35 EST 2014   [info] Loaded System Directive: org.apache.velocity.runtime.directive.Literal
Sun Nov 30 10:48:35 EST 2014   [info] Loaded System Directive: org.apache.velocity.runtime.directive.Macro
Sun Nov 30 10:48:35 EST 2014   [info] Loaded System Directive: org.apache.velocity.runtime.directive.Parse
Sun Nov 30 10:48:35 EST 2014   [info] Loaded System Directive: org.apache.velocity.runtime.directive.Include
Sun Nov 30 10:48:35 EST 2014   [info] Loaded System Directive: org.apache.velocity.runtime.directive.Foreach
Sun Nov 30 10:48:35 EST 2014   [info] Created: 20 parsers.
Sun Nov 30 10:48:35 EST 2014   [info] Velocimacro : initialization starting.
Sun Nov 30 10:48:35 EST 2014   [info] Velocimacro : adding VMs from VM library template : VM_global_library.vm
Sun Nov 30 10:48:35 EST 2014  [error] ResourceManager : unable to find resource 'VM_global_library.vm' in any resource loader.
Sun Nov 30 10:48:35 EST 2014   [info] Velocimacro : error using  VM library template VM_global_library.vm : org.apache.velocity.exception.ResourceNotFoundException: Unable to find resource 'VM_global_library.vm'
Sun Nov 30 10:48:35 EST 2014   [info] Velocimacro :  VM library template macro registration complete.
Sun Nov 30 10:48:35 EST 2014   [info] Velocimacro : allowInline = true : VMs can be defined inline in templates
Sun Nov 30 10:48:35 EST 2014   [info] Velocimacro : allowInlineToOverride = true : VMs defined inline may replace previous VM definitions
Sun Nov 30 10:48:35 EST 2014   [info] Velocimacro : allowInlineLocal = true : VMs defined inline will be local to their defining template only.
Sun Nov 30 10:48:35 EST 2014   [info] Velocimacro : messages on  : VM system will output logging messages
Sun Nov 30 10:48:35 EST 2014   [info] Velocimacro : autoload off  : VM system will not automatically reload global library macros
Sun Nov 30 10:48:35 EST 2014   [info] Velocimacro : initialization complete.
Sun Nov 30 10:48:35 EST 2014   [info] Velocity successfully started.
Sun Nov 30 10:48:35 EST 2014   [info] ResourceManager : found templates/jsp/Jsp.vtl with loader com.genuitec.eclipse.templates.internal.PluginResourceLoader
Sun Nov 30 10:48:35 EST 2014   [info] ResourceManager : found templates/jsp/JSPMetaTags.vtl with loader com.genuitec.eclipse.templates.internal.PluginResourceLoader
Sun Nov 30 13:22:44 EST 2014   [info] ResourceManager : found templates/jsp/Jsp.vtl with loader com.genuitec.eclipse.templates.internal.PluginResourceLoader
Sun Nov 30 13:22:44 EST 2014   [info] ResourceManager : found templates/jsp/JSPMetaTags.vtl with loader com.genuitec.eclipse.templates.internal.PluginResourceLoader
Sun Nov 30 14:21:25 EST 2014   [info] ResourceManager : found templates/jsp/Jsp.vtl with loader com.genuitec.eclipse.templates.internal.PluginResourceLoader
Sun Nov 30 14:21:25 EST 2014   [info] ResourceManager : found templates/jsp/JSPMetaTags.vtl with loader com.genuitec.eclipse.templates.internal.PluginResourceLoader
